Profiling for model alexnet with batch size 256
/home/cc/gpufs/emulator/profile/imagenette/main-measure-time.py:103: UserWarning: You have chosen a specific GPU. This will completely disable data parallelism.
  warnings.warn('You have chosen a specific GPU. This will completely '
Use GPU: 0 for training
=> creating model 'alexnet'
batch 0 	 io_time: 2.079646587 	 cpu2gpu_time: 0.013930321 	 gpu_time: 0.542606831
batch 1 	 io_time: 0.002887964 	 cpu2gpu_time: 0.012597084 	 gpu_time: 0.206615448
batch 2 	 io_time: 0.000162125 	 cpu2gpu_time: 0.012630701 	 gpu_time: 0.204428196
batch 3 	 io_time: 0.000137091 	 cpu2gpu_time: 0.012614727 	 gpu_time: 0.204575777
batch 4 	 io_time: 0.000180960 	 cpu2gpu_time: 0.012615204 	 gpu_time: 0.204369783
batch 5 	 io_time: 0.000179052 	 cpu2gpu_time: 0.014091969 	 gpu_time: 0.204066992
batch 6 	 io_time: 0.000171900 	 cpu2gpu_time: 0.012608528 	 gpu_time: 0.204093695
batch 7 	 io_time: 0.000191689 	 cpu2gpu_time: 0.012627363 	 gpu_time: 0.204038620
batch 8 	 io_time: 0.790891647 	 cpu2gpu_time: 0.012756586 	 gpu_time: 0.204311132
batch 9 	 io_time: 0.000163078 	 cpu2gpu_time: 0.012612820 	 gpu_time: 0.203916550
batch 10 	 io_time: 0.000160456 	 cpu2gpu_time: 0.012600183 	 gpu_time: 0.203916788

Profiling for model resnet18 with batch size 256
/home/cc/gpufs/emulator/profile/imagenette/main-measure-time.py:103: UserWarning: You have chosen a specific GPU. This will completely disable data parallelism.
  warnings.warn('You have chosen a specific GPU. This will completely '
Use GPU: 0 for training
=> creating model 'resnet18'
batch 0 	 io_time: 1.855177402 	 cpu2gpu_time: 0.068141460 	 gpu_time: 1.158319950
batch 1 	 io_time: 0.000202656 	 cpu2gpu_time: 0.012621880 	 gpu_time: 0.888587236
batch 2 	 io_time: 0.000389338 	 cpu2gpu_time: 0.012641668 	 gpu_time: 0.729316473
batch 3 	 io_time: 0.000347614 	 cpu2gpu_time: 0.012627363 	 gpu_time: 0.732129335
batch 4 	 io_time: 0.000176191 	 cpu2gpu_time: 0.012597799 	 gpu_time: 0.773662329
batch 5 	 io_time: 0.000203609 	 cpu2gpu_time: 0.012605190 	 gpu_time: 0.729940891
batch 6 	 io_time: 0.000148058 	 cpu2gpu_time: 0.012588501 	 gpu_time: 0.730259180
batch 7 	 io_time: 0.000981569 	 cpu2gpu_time: 0.012760162 	 gpu_time: 0.729930401
batch 8 	 io_time: 0.000190735 	 cpu2gpu_time: 0.012605429 	 gpu_time: 0.729732275
batch 9 	 io_time: 0.000272036 	 cpu2gpu_time: 0.012636423 	 gpu_time: 0.732355833
batch 10 	 io_time: 0.000291586 	 cpu2gpu_time: 0.012619019 	 gpu_time: 0.734284878

Profiling for model mobilenet_v2 with batch size 256
/home/cc/gpufs/emulator/profile/imagenette/main-measure-time.py:103: UserWarning: You have chosen a specific GPU. This will completely disable data parallelism.
  warnings.warn('You have chosen a specific GPU. This will completely '
Use GPU: 0 for training
=> creating model 'mobilenet_v2'
batch 0 	 io_time: 1.987999439 	 cpu2gpu_time: 0.013942003 	 gpu_time: 1.025524378
batch 1 	 io_time: 0.000399113 	 cpu2gpu_time: 0.012632847 	 gpu_time: 0.765599966
batch 2 	 io_time: 0.000189543 	 cpu2gpu_time: 0.012613297 	 gpu_time: 0.584186316
batch 3 	 io_time: 0.000194073 	 cpu2gpu_time: 0.012610674 	 gpu_time: 0.584626913
batch 4 	 io_time: 0.000254869 	 cpu2gpu_time: 0.012612104 	 gpu_time: 0.584499121
batch 5 	 io_time: 0.000184059 	 cpu2gpu_time: 0.020367146 	 gpu_time: 0.585023880
batch 6 	 io_time: 0.000179052 	 cpu2gpu_time: 0.012632370 	 gpu_time: 0.586903334
batch 7 	 io_time: 0.000159025 	 cpu2gpu_time: 0.012607098 	 gpu_time: 0.584172964
batch 8 	 io_time: 0.000255108 	 cpu2gpu_time: 0.012637138 	 gpu_time: 0.584806681
batch 9 	 io_time: 0.000196934 	 cpu2gpu_time: 0.012603045 	 gpu_time: 0.583984375
batch 10 	 io_time: 0.000212431 	 cpu2gpu_time: 0.012615919 	 gpu_time: 0.584932089

